{
  "Cucumber Features": {
    "coverage": {
      "/home/ubuntu/workspace/bdd-tdd-cycle/app/controllers/application_controller.rb": [
        1,
        1,
        null
      ],
      "/home/ubuntu/workspace/bdd-tdd-cycle/app/helpers/application_helper.rb": [
        1,
        null
      ],
      "/home/ubuntu/workspace/bdd-tdd-cycle/app/helpers/movies_helper.rb": [
        1,
        null,
        1,
        0,
        null,
        null
      ],
      "/home/ubuntu/workspace/bdd-tdd-cycle/app/controllers/movies_controller.rb": [
        1,
        null,
        1,
        6,
        6,
        null,
        null,
        null,
        1,
        2,
        2,
        null,
        2,
        1,
        null,
        1,
        1,
        null,
        null,
        null,
        1,
        21,
        21,
        null,
        2,
        null,
        2,
        null,
        21,
        21,
        null,
        21,
        66,
        null,
        null,
        21,
        2,
        2,
        2,
        null,
        null,
        19,
        3,
        3,
        3,
        3,
        null,
        16,
        null,
        null,
        1,
        null,
        null,
        null,
        1,
        0,
        0,
        0,
        null,
        null,
        1,
        1,
        null,
        null,
        1,
        1,
        1,
        1,
        1,
        null,
        null,
        1,
        1,
        1,
        1,
        1,
        null,
        null,
        null
      ],
      "/home/ubuntu/workspace/bdd-tdd-cycle/app/models/movie.rb": [
        1,
        null,
        1,
        null,
        1,
        21,
        null,
        null,
        null
      ]
    },
    "timestamp": 1459824774
  },
  "RSpec": {
    "coverage": {
      "/home/ubuntu/workspace/bdd-tdd-cycle/app/controllers/application_controller.rb": [
        1,
        1,
        null
      ],
      "/home/ubuntu/workspace/bdd-tdd-cycle/app/helpers/application_helper.rb": [
        1,
        null
      ],
      "/home/ubuntu/workspace/bdd-tdd-cycle/app/helpers/movies_helper.rb": [
        1,
        null,
        1,
        0,
        null,
        null
      ],
      "/home/ubuntu/workspace/bdd-tdd-cycle/app/controllers/movies_controller.rb": [
        1,
        null,
        1,
        0,
        0,
        null,
        null,
        null,
        1,
        0,
        0,
        null,
        0,
        0,
        null,
        0,
        0,
        null,
        null,
        null,
        1,
        0,
        0,
        null,
        0,
        null,
        0,
        null,
        0,
        0,
        null,
        0,
        0,
        null,
        null,
        0,
        0,
        0,
        0,
        null,
        null,
        0,
        0,
        0,
        0,
        0,
        null,
        0,
        null,
        null,
        1,
        null,
        null,
        null,
        1,
        0,
        0,
        0,
        null,
        null,
        1,
        0,
        null,
        null,
        1,
        0,
        0,
        0,
        0,
        null,
        null,
        1,
        0,
        0,
        0,
        0,
        null,
        null,
        null
      ],
      "/home/ubuntu/workspace/bdd-tdd-cycle/app/models/movie.rb": [
        1,
        null,
        1,
        null,
        1,
        0,
        null,
        null,
        null
      ]
    },
    "timestamp": 1459821101
  }
}
